<?xml version="1.0" encoding="UTF-8"?>
<testsuite name="com.soumyajit.GetTodosSpec" tests="7" skipped="0" failures="0" errors="0" timestamp="2020-05-19T16:22:56" hostname="Soumyajits-MBP" time="0.852">
  <properties/>
  <testcase name="Should be OK to get the list of Todos" classname="com.soumyajit.GetTodosSpec" time="0.627"/>
  <testcase name="should get the todos" classname="com.soumyajit.GetTodosSpec" time="0.009"/>
  <testcase name="should create the todos" classname="com.soumyajit.GetTodosSpec" time="0.043"/>
  <testcase name="should update the todos" classname="com.soumyajit.GetTodosSpec" time="0.021"/>
  <testcase name="should delete the todos" classname="com.soumyajit.GetTodosSpec" time="0.005"/>
  <testcase name="should get the todo if the id is set" classname="com.soumyajit.GetTodosSpec" time="0.119"/>
  <testcase name="should return an error if the id is invalid" classname="com.soumyajit.GetTodosSpec" time="0.027"/>
  <system-out><![CDATA[2020-05-19 21:52:56.325 [Test worker] DEBUG io.mockk.impl.stub.CommonClearer - Clearing [TodoService(#1)] mocks ClearOptions(answers=true, recordedCalls=true, childMocks=true, verificationMarks=true, exclusionRules=true)
2020-05-19 21:52:56.328 [Test worker] TRACE i.m.i.recording.CommonCallRecorder - Starting stubbing
2020-05-19 21:52:56.367 [Test worker] TRACE i.m.i.i.AbstractMockFactory - Building proxy for List hashcode=713951fb
2020-05-19 21:52:56.367 [Test worker] TRACE i.m.p.j.t.JvmInlineInstrumentation - Retransforming [Ljava.lang.Class;@27e83e36
2020-05-19 21:52:56.459 [Test worker] TRACE io.mockk.proxy.jvm.ProxyMaker - Building subclass proxy for interface java.util.List with additional interfaces []
2020-05-19 21:52:56.518 [Test worker] TRACE io.mockk.proxy.jvm.ProxyMaker - Instantiating proxy for interface java.util.List via instantiator
2020-05-19 21:52:56.518 [Test worker] TRACE i.m.proxy.jvm.ObjenesisInstantiator - Skipping instantiation subsclassing class io.mockk.renamed.java.util.List$Subclass1 because class is not abstract.
2020-05-19 21:52:56.518 [Test worker] TRACE i.m.proxy.jvm.ObjenesisInstantiator - Creating new empty instance of class io.mockk.renamed.java.util.List$Subclass1
2020-05-19 21:52:56.525 [Test worker] TRACE i.m.i.r.SignatureMatcherDetector - Matcher map: {}
2020-05-19 21:52:56.527 [Test worker] TRACE i.m.i.r.SignatureMatcherDetector - Processing call #0: getAll()
2020-05-19 21:52:56.531 [Test worker] TRACE i.m.i.r.SignatureMatcherDetector - Built matcher: TodoService(#1).getAll())
2020-05-19 21:52:56.535 [Test worker] TRACE i.m.impl.recording.PermanentMocker - Child search key: TodoService(#1).getAll())
2020-05-19 21:52:56.537 [Test worker] DEBUG i.m.i.i.AbstractMockFactory - Creating mockk for List name=child of #1#2
2020-05-19 21:52:56.537 [Test worker] TRACE i.m.i.i.AbstractMockFactory - Building proxy for List hashcode=713951fb
2020-05-19 21:52:56.537 [Test worker] TRACE io.mockk.proxy.jvm.ProxyMaker - Building subclass proxy for interface java.util.List with additional interfaces []
2020-05-19 21:52:56.537 [Test worker] TRACE io.mockk.proxy.jvm.ProxyMaker - Instantiating proxy for interface java.util.List via instantiator
2020-05-19 21:52:56.537 [Test worker] TRACE i.m.proxy.jvm.ObjenesisInstantiator - Skipping instantiation subsclassing class io.mockk.renamed.java.util.List$Subclass1 because class is not abstract.
2020-05-19 21:52:56.537 [Test worker] TRACE i.m.proxy.jvm.ObjenesisInstantiator - Creating new empty instance of class io.mockk.renamed.java.util.List$Subclass1
2020-05-19 21:52:56.538 [Test worker] TRACE i.m.impl.recording.PermanentMocker - Mocked permanently: TodoService(#1).all
2020-05-19 21:52:56.542 [Test worker] TRACE i.m.i.r.s.StubbingAwaitingAnswerState - Done stubbing. Still accepting additional answers
2020-05-19 21:52:56.649 [DefaultDispatcher-worker-1 @request#1] DEBUG i.m.i.r.states.AnsweringState - Answering [TodoItem(id=1, title=Add database processing, details=Add backend support to this code, assignedTo=Kevin, dueDate=2018-12-18, importance=HIGH), TodoItem(id=1, title=Add database processing, details=Add backend support to this code, assignedTo=Kevin, dueDate=2018-12-18, importance=HIGH)] on TodoService(#1).getAll()
2020-05-19 21:52:56.762 [Test worker] DEBUG io.mockk.impl.stub.CommonClearer - Clearing [TodoService(#1)] mocks ClearOptions(answers=true, recordedCalls=true, childMocks=true, verificationMarks=true, exclusionRules=true)
2020-05-19 21:52:56.762 [Test worker] TRACE i.m.i.recording.CommonCallRecorder - Starting stubbing
2020-05-19 21:52:56.763 [Test worker] TRACE i.m.i.i.AbstractMockFactory - Building proxy for List hashcode=713951fb
2020-05-19 21:52:56.763 [Test worker] TRACE io.mockk.proxy.jvm.ProxyMaker - Building subclass proxy for interface java.util.List with additional interfaces []
2020-05-19 21:52:56.763 [Test worker] TRACE io.mockk.proxy.jvm.ProxyMaker - Instantiating proxy for interface java.util.List via instantiator
2020-05-19 21:52:56.763 [Test worker] TRACE i.m.proxy.jvm.ObjenesisInstantiator - Skipping instantiation subsclassing class io.mockk.renamed.java.util.List$Subclass1 because class is not abstract.
2020-05-19 21:52:56.763 [Test worker] TRACE i.m.proxy.jvm.ObjenesisInstantiator - Creating new empty instance of class io.mockk.renamed.java.util.List$Subclass1
2020-05-19 21:52:56.763 [Test worker] TRACE i.m.i.r.SignatureMatcherDetector - Matcher map: {}
2020-05-19 21:52:56.763 [Test worker] TRACE i.m.i.r.SignatureMatcherDetector - Processing call #0: getAll()
2020-05-19 21:52:56.763 [Test worker] TRACE i.m.i.r.SignatureMatcherDetector - Built matcher: TodoService(#1).getAll())
2020-05-19 21:52:56.764 [Test worker] TRACE i.m.impl.recording.PermanentMocker - Child search key: TodoService(#1).getAll())
2020-05-19 21:52:56.764 [Test worker] DEBUG i.m.i.i.AbstractMockFactory - Creating mockk for List name=child of #1#3
2020-05-19 21:52:56.764 [Test worker] TRACE i.m.i.i.AbstractMockFactory - Building proxy for List hashcode=713951fb
2020-05-19 21:52:56.764 [Test worker] TRACE io.mockk.proxy.jvm.ProxyMaker - Building subclass proxy for interface java.util.List with additional interfaces []
2020-05-19 21:52:56.764 [Test worker] TRACE io.mockk.proxy.jvm.ProxyMaker - Instantiating proxy for interface java.util.List via instantiator
2020-05-19 21:52:56.764 [Test worker] TRACE i.m.proxy.jvm.ObjenesisInstantiator - Skipping instantiation subsclassing class io.mockk.renamed.java.util.List$Subclass1 because class is not abstract.
2020-05-19 21:52:56.764 [Test worker] TRACE i.m.proxy.jvm.ObjenesisInstantiator - Creating new empty instance of class io.mockk.renamed.java.util.List$Subclass1
2020-05-19 21:52:56.764 [Test worker] TRACE i.m.impl.recording.PermanentMocker - Mocked permanently: TodoService(#1).all
2020-05-19 21:52:56.765 [Test worker] TRACE i.m.i.r.s.StubbingAwaitingAnswerState - Done stubbing. Still accepting additional answers
2020-05-19 21:52:56.765 [DefaultDispatcher-worker-2 @request#5] DEBUG i.m.i.r.states.AnsweringState - Answering [TodoItem(id=1, title=Add database processing, details=Add backend support to this code, assignedTo=Kevin, dueDate=2018-12-18, importance=HIGH), TodoItem(id=1, title=Add database processing, details=Add backend support to this code, assignedTo=Kevin, dueDate=2018-12-18, importance=HIGH)] on TodoService(#1).getAll()
2020-05-19 21:52:56.771 [Test worker] DEBUG io.mockk.impl.stub.CommonClearer - Clearing [TodoService(#1)] mocks ClearOptions(answers=true, recordedCalls=true, childMocks=true, verificationMarks=true, exclusionRules=true)
2020-05-19 21:52:56.772 [Test worker] TRACE i.m.i.recording.CommonCallRecorder - Starting stubbing
2020-05-19 21:52:56.774 [Test worker] TRACE i.m.i.instantiation.JvmInstantiator - Building empty instance TodoItem
2020-05-19 21:52:56.774 [Test worker] TRACE i.m.proxy.jvm.ObjenesisInstantiator - Creating new empty instance of class com.soumyajit.TodoItem
2020-05-19 21:52:56.777 [Test worker] TRACE i.m.i.r.SignatureMatcherDetector - Matcher map: {[Ref(TodoItem@332e519f)]=any()}
2020-05-19 21:52:56.777 [Test worker] TRACE i.m.i.r.SignatureMatcherDetector - Processing call #0: create(TodoItem)
2020-05-19 21:52:56.778 [Test worker] TRACE i.m.i.r.SignatureMatcherDetector - Signature for 0 argument of create(TodoItem): [Ref(TodoItem@332e519f)]
2020-05-19 21:52:56.779 [Test worker] TRACE i.m.i.r.SignatureMatcherDetector - Built matcher: TodoService(#1).create(any()))
2020-05-19 21:52:56.780 [Test worker] TRACE i.m.impl.recording.PermanentMocker - Mocked permanently: TodoService(#1).create(any())
2020-05-19 21:52:56.780 [Test worker] TRACE i.m.i.r.s.StubbingAwaitingAnswerState - Done stubbing. Still accepting additional answers
2020-05-19 21:52:56.811 [DefaultDispatcher-worker-2 @request#9] DEBUG i.m.i.r.states.AnsweringState - Answering true on TodoService(#1).create(TodoItem(id=1, title=Add database processing, details=Add backend support to this code, assignedTo=Kevin, dueDate=2018-12-18, importance=HIGH))
2020-05-19 21:52:56.814 [Test worker] DEBUG io.mockk.impl.stub.CommonClearer - Clearing [TodoService(#1)] mocks ClearOptions(answers=true, recordedCalls=true, childMocks=true, verificationMarks=true, exclusionRules=true)
2020-05-19 21:52:56.816 [Test worker] TRACE i.m.i.recording.CommonCallRecorder - Starting stubbing
2020-05-19 21:52:56.817 [Test worker] TRACE i.m.i.instantiation.JvmInstantiator - Building empty instance TodoItem
2020-05-19 21:52:56.817 [Test worker] TRACE i.m.proxy.jvm.ObjenesisInstantiator - Creating new empty instance of class com.soumyajit.TodoItem
2020-05-19 21:52:56.820 [Test worker] TRACE i.m.i.instantiation.JvmInstantiator - Building empty instance TodoItem
2020-05-19 21:52:56.820 [Test worker] TRACE i.m.proxy.jvm.ObjenesisInstantiator - Creating new empty instance of class com.soumyajit.TodoItem
2020-05-19 21:52:56.820 [Test worker] TRACE i.m.i.r.SignatureMatcherDetector - Matcher map: {[Ref(TodoItem@4a2cfa83), Ref(TodoItem@521e5c99)]=any(), [-1936918518, -104620264]=any()}
2020-05-19 21:52:56.820 [Test worker] TRACE i.m.i.r.SignatureMatcherDetector - Processing call #0: update(Int, TodoItem)
2020-05-19 21:52:56.820 [Test worker] TRACE i.m.i.r.SignatureMatcherDetector - Signature for 0 argument of update(Int, TodoItem): [-1936918518, -104620264]
2020-05-19 21:52:56.821 [Test worker] TRACE i.m.i.r.SignatureMatcherDetector - Signature for 1 argument of update(Int, TodoItem): [Ref(TodoItem@4a2cfa83), Ref(TodoItem@521e5c99)]
2020-05-19 21:52:56.821 [Test worker] TRACE i.m.i.r.SignatureMatcherDetector - Built matcher: TodoService(#1).update(any(), any()))
2020-05-19 21:52:56.821 [Test worker] TRACE i.m.impl.recording.PermanentMocker - Mocked permanently: TodoService(#1).update(any(), any())
2020-05-19 21:52:56.821 [Test worker] TRACE i.m.i.r.s.StubbingAwaitingAnswerState - Done stubbing. Still accepting additional answers
2020-05-19 21:52:56.832 [DefaultDispatcher-worker-2 @request#13] DEBUG i.m.i.r.states.AnsweringState - Answering true on TodoService(#1).update(1, TodoItem(id=1, title=Add database processing, details=Add backend support to this code, assignedTo=Kevin, dueDate=2018-12-18, importance=HIGH))
2020-05-19 21:52:56.834 [Test worker] DEBUG io.mockk.impl.stub.CommonClearer - Clearing [TodoService(#1)] mocks ClearOptions(answers=true, recordedCalls=true, childMocks=true, verificationMarks=true, exclusionRules=true)
2020-05-19 21:52:56.836 [Test worker] TRACE i.m.i.recording.CommonCallRecorder - Starting stubbing
2020-05-19 21:52:56.836 [Test worker] TRACE i.m.i.r.SignatureMatcherDetector - Matcher map: {[-1884004260, -74027733]=any()}
2020-05-19 21:52:56.837 [Test worker] TRACE i.m.i.r.SignatureMatcherDetector - Processing call #0: delete(Int)
2020-05-19 21:52:56.837 [Test worker] TRACE i.m.i.r.SignatureMatcherDetector - Signature for 0 argument of delete(Int): [-1884004260, -74027733]
2020-05-19 21:52:56.837 [Test worker] TRACE i.m.i.r.SignatureMatcherDetector - Built matcher: TodoService(#1).delete(any()))
2020-05-19 21:52:56.837 [Test worker] TRACE i.m.impl.recording.PermanentMocker - Mocked permanently: TodoService(#1).delete(any())
2020-05-19 21:52:56.837 [Test worker] TRACE i.m.i.r.s.StubbingAwaitingAnswerState - Done stubbing. Still accepting additional answers
2020-05-19 21:52:56.838 [DefaultDispatcher-worker-2 @request#15] DEBUG i.m.i.r.states.AnsweringState - Answering true on TodoService(#1).delete(1)
2020-05-19 21:52:56.840 [Test worker] DEBUG io.mockk.impl.stub.CommonClearer - Clearing [TodoService(#1)] mocks ClearOptions(answers=true, recordedCalls=true, childMocks=true, verificationMarks=true, exclusionRules=true)
2020-05-19 21:52:56.841 [Test worker] TRACE i.m.i.recording.CommonCallRecorder - Starting stubbing
2020-05-19 21:52:56.842 [Test worker] TRACE i.m.i.i.AbstractMockFactory - Building proxy for TodoItem hashcode=36462d38
2020-05-19 21:52:56.842 [Test worker] TRACE i.m.p.j.t.JvmInlineInstrumentation - Retransforming [Ljava.lang.Class;@675240e7
2020-05-19 21:52:56.933 [Test worker] TRACE io.mockk.proxy.jvm.ProxyMaker - Taking instance of class com.soumyajit.TodoItem itself because it is final.
2020-05-19 21:52:56.934 [Test worker] TRACE io.mockk.proxy.jvm.ProxyMaker - Instantiating proxy for class com.soumyajit.TodoItem via instantiator
2020-05-19 21:52:56.934 [Test worker] TRACE i.m.proxy.jvm.ObjenesisInstantiator - Creating new empty instance of class com.soumyajit.TodoItem
2020-05-19 21:52:56.935 [Test worker] TRACE i.m.i.i.AbstractMockFactory - Building proxy for TodoItem hashcode=36462d38
2020-05-19 21:52:56.937 [Test worker] TRACE io.mockk.proxy.jvm.ProxyMaker - Taking instance of class com.soumyajit.TodoItem itself because it is final.
2020-05-19 21:52:56.938 [Test worker] TRACE io.mockk.proxy.jvm.ProxyMaker - Instantiating proxy for class com.soumyajit.TodoItem via instantiator
2020-05-19 21:52:56.938 [Test worker] TRACE i.m.proxy.jvm.ObjenesisInstantiator - Creating new empty instance of class com.soumyajit.TodoItem
2020-05-19 21:52:56.939 [Test worker] TRACE i.m.i.r.SignatureMatcherDetector - Matcher map: {}
2020-05-19 21:52:56.940 [Test worker] TRACE i.m.i.r.SignatureMatcherDetector - Processing call #0: getTodo(Int)
2020-05-19 21:52:56.940 [Test worker] TRACE i.m.i.r.SignatureMatcherDetector - Signature for 0 argument of getTodo(Int): [1, 1]
2020-05-19 21:52:56.941 [Test worker] TRACE i.m.i.r.SignatureMatcherDetector - Built matcher: TodoService(#1).getTodo(eq(1)))
2020-05-19 21:52:56.947 [Test worker] TRACE i.m.impl.recording.PermanentMocker - Child search key: TodoService(#1).getTodo(eq(1)))
2020-05-19 21:52:56.947 [Test worker] DEBUG i.m.i.i.AbstractMockFactory - Creating mockk for TodoItem name=child of #1#4
2020-05-19 21:52:56.947 [Test worker] TRACE i.m.i.i.AbstractMockFactory - Building proxy for TodoItem hashcode=36462d38
2020-05-19 21:52:56.948 [Test worker] TRACE io.mockk.proxy.jvm.ProxyMaker - Taking instance of class com.soumyajit.TodoItem itself because it is final.
2020-05-19 21:52:56.949 [Test worker] TRACE io.mockk.proxy.jvm.ProxyMaker - Instantiating proxy for class com.soumyajit.TodoItem via instantiator
2020-05-19 21:52:56.950 [Test worker] TRACE i.m.proxy.jvm.ObjenesisInstantiator - Creating new empty instance of class com.soumyajit.TodoItem
2020-05-19 21:52:56.953 [Test worker] TRACE i.m.impl.recording.PermanentMocker - Mocked permanently: TodoService(#1).getTodo(eq(1))
2020-05-19 21:52:56.953 [Test worker] TRACE i.m.i.r.s.StubbingAwaitingAnswerState - Done stubbing. Still accepting additional answers
2020-05-19 21:52:56.956 [DefaultDispatcher-worker-2 @request#17] DEBUG i.m.i.r.states.AnsweringState - Answering TodoItem(id=1, title=Add database processing, details=Add backend support to this code, assignedTo=Kevin, dueDate=2018-12-18, importance=HIGH) on TodoService(#1).getTodo(1)
2020-05-19 21:52:56.960 [Test worker] DEBUG io.mockk.impl.stub.CommonClearer - Clearing [TodoService(#1)] mocks ClearOptions(answers=true, recordedCalls=true, childMocks=true, verificationMarks=true, exclusionRules=true)
2020-05-19 21:52:56.962 [Test worker] TRACE i.m.i.recording.CommonCallRecorder - Starting stubbing
2020-05-19 21:52:56.965 [Test worker] TRACE i.m.i.i.AbstractMockFactory - Building proxy for TodoItem hashcode=36462d38
2020-05-19 21:52:56.965 [Test worker] TRACE io.mockk.proxy.jvm.ProxyMaker - Taking instance of class com.soumyajit.TodoItem itself because it is final.
2020-05-19 21:52:56.966 [Test worker] TRACE io.mockk.proxy.jvm.ProxyMaker - Instantiating proxy for class com.soumyajit.TodoItem via instantiator
2020-05-19 21:52:56.967 [Test worker] TRACE i.m.proxy.jvm.ObjenesisInstantiator - Creating new empty instance of class com.soumyajit.TodoItem
2020-05-19 21:52:56.971 [Test worker] TRACE i.m.i.i.AbstractMockFactory - Building proxy for TodoItem hashcode=36462d38
2020-05-19 21:52:56.971 [Test worker] TRACE io.mockk.proxy.jvm.ProxyMaker - Taking instance of class com.soumyajit.TodoItem itself because it is final.
2020-05-19 21:52:56.971 [Test worker] TRACE io.mockk.proxy.jvm.ProxyMaker - Instantiating proxy for class com.soumyajit.TodoItem via instantiator
2020-05-19 21:52:56.971 [Test worker] TRACE i.m.proxy.jvm.ObjenesisInstantiator - Creating new empty instance of class com.soumyajit.TodoItem
2020-05-19 21:52:56.972 [Test worker] TRACE i.m.i.r.SignatureMatcherDetector - Matcher map: {}
2020-05-19 21:52:56.972 [Test worker] TRACE i.m.i.r.SignatureMatcherDetector - Processing call #0: getTodo(Int)
2020-05-19 21:52:56.973 [Test worker] TRACE i.m.i.r.SignatureMatcherDetector - Signature for 0 argument of getTodo(Int): [3, 3]
2020-05-19 21:52:56.973 [Test worker] TRACE i.m.i.r.SignatureMatcherDetector - Built matcher: TodoService(#1).getTodo(eq(3)))
2020-05-19 21:52:56.974 [Test worker] TRACE i.m.impl.recording.PermanentMocker - Child search key: TodoService(#1).getTodo(eq(3)))
2020-05-19 21:52:56.975 [Test worker] DEBUG i.m.i.i.AbstractMockFactory - Creating mockk for TodoItem name=child of #1#5
2020-05-19 21:52:56.976 [Test worker] TRACE i.m.i.i.AbstractMockFactory - Building proxy for TodoItem hashcode=36462d38
2020-05-19 21:52:56.976 [Test worker] TRACE io.mockk.proxy.jvm.ProxyMaker - Taking instance of class com.soumyajit.TodoItem itself because it is final.
2020-05-19 21:52:56.976 [Test worker] TRACE io.mockk.proxy.jvm.ProxyMaker - Instantiating proxy for class com.soumyajit.TodoItem via instantiator
2020-05-19 21:52:56.976 [Test worker] TRACE i.m.proxy.jvm.ObjenesisInstantiator - Creating new empty instance of class com.soumyajit.TodoItem
2020-05-19 21:52:56.977 [Test worker] TRACE i.m.impl.recording.PermanentMocker - Mocked permanently: TodoService(#1).getTodo(eq(3))
2020-05-19 21:52:56.977 [Test worker] TRACE i.m.i.r.s.StubbingAwaitingAnswerState - Done stubbing. Still accepting additional answers
2020-05-19 21:52:56.985 [DefaultDispatcher-worker-4 @request#21] DEBUG i.m.i.r.states.AnsweringState - Throwing java.lang.Exception on TodoService(#1).getTodo(3)
]]></system-out>
  <system-err><![CDATA[]]></system-err>
</testsuite>
