<?xml version="1.0" encoding="UTF-8"?>
<testsuite name="com.soumyajit.GetTodosSpec" tests="3" skipped="0" failures="0" errors="0" timestamp="2020-10-26T18:43:48" hostname="Soumyajit.Das" time="0.708">
  <properties/>
  <testcase name="Should be OK to get the list of Todos" classname="com.soumyajit.GetTodosSpec" time="0.676"/>
  <testcase name="should get the todos" classname="com.soumyajit.GetTodosSpec" time="0.013"/>
  <testcase name="should delete the todos" classname="com.soumyajit.GetTodosSpec" time="0.019"/>
  <system-out><![CDATA[2020-10-27 00:13:48.835 [Test worker] DEBUG io.mockk.impl.stub.CommonClearer - Clearing [TodoService(#1)] mocks ClearOptions(answers=true, recordedCalls=true, childMocks=true, verificationMarks=true, exclusionRules=true)
2020-10-27 00:13:48.838 [Test worker] TRACE i.m.i.recording.CommonCallRecorder - Starting stubbing
2020-10-27 00:13:48.889 [Test worker] TRACE i.m.i.i.AbstractMockFactory - Building proxy for List hashcode=6857bbca
2020-10-27 00:13:48.889 [Test worker] TRACE i.m.p.j.t.JvmInlineInstrumentation - Retransforming [Ljava.lang.Class;@39f46b47
2020-10-27 00:13:48.988 [Test worker] TRACE io.mockk.proxy.jvm.ProxyMaker - Building subclass proxy for interface java.util.List with additional interfaces []
2020-10-27 00:13:49.054 [Test worker] TRACE io.mockk.proxy.jvm.ProxyMaker - Instantiating proxy for interface java.util.List via instantiator
2020-10-27 00:13:49.054 [Test worker] TRACE i.m.proxy.jvm.ObjenesisInstantiator - Skipping instantiation subsclassing class io.mockk.renamed.java.util.List$Subclass1 because class is not abstract.
2020-10-27 00:13:49.054 [Test worker] TRACE i.m.proxy.jvm.ObjenesisInstantiator - Creating new empty instance of class io.mockk.renamed.java.util.List$Subclass1
2020-10-27 00:13:49.064 [Test worker] TRACE i.m.i.r.SignatureMatcherDetector - Matcher map: {}
2020-10-27 00:13:49.066 [Test worker] TRACE i.m.i.r.SignatureMatcherDetector - Processing call #0: getAll()
2020-10-27 00:13:49.073 [Test worker] TRACE i.m.i.r.SignatureMatcherDetector - Built matcher: TodoService(#1).getAll())
2020-10-27 00:13:49.079 [Test worker] TRACE i.m.impl.recording.PermanentMocker - Child search key: TodoService(#1).getAll())
2020-10-27 00:13:49.081 [Test worker] DEBUG i.m.i.i.AbstractMockFactory - Creating mockk for List name=child of #1#2
2020-10-27 00:13:49.081 [Test worker] TRACE i.m.i.i.AbstractMockFactory - Building proxy for List hashcode=6857bbca
2020-10-27 00:13:49.081 [Test worker] TRACE io.mockk.proxy.jvm.ProxyMaker - Building subclass proxy for interface java.util.List with additional interfaces []
2020-10-27 00:13:49.081 [Test worker] TRACE io.mockk.proxy.jvm.ProxyMaker - Instantiating proxy for interface java.util.List via instantiator
2020-10-27 00:13:49.082 [Test worker] TRACE i.m.proxy.jvm.ObjenesisInstantiator - Skipping instantiation subsclassing class io.mockk.renamed.java.util.List$Subclass1 because class is not abstract.
2020-10-27 00:13:49.082 [Test worker] TRACE i.m.proxy.jvm.ObjenesisInstantiator - Creating new empty instance of class io.mockk.renamed.java.util.List$Subclass1
2020-10-27 00:13:49.083 [Test worker] TRACE i.m.impl.recording.PermanentMocker - Mocked permanently: TodoService(#1).all
2020-10-27 00:13:49.087 [Test worker] TRACE i.m.i.r.s.StubbingAwaitingAnswerState - Done stubbing. Still accepting additional answers
2020-10-27 00:13:49.202 [DefaultDispatcher-worker-1 @request#1] DEBUG i.m.i.r.states.AnsweringState - Answering [TodoItem(id=8bc5f4a4-02ae-4174-b218-4f353f39c1f7, title=Add database processing, details=Add backend support to this code, assignedTo=Kevin, dueDate=2018-12-18, importance=HIGH), TodoItem(id=8bc5f4a4-02ae-4174-b218-4f353f39c1f7, title=Add database processing, details=Add backend support to this code, assignedTo=Kevin, dueDate=2018-12-18, importance=HIGH)] on TodoService(#1).getAll()
2020-10-27 00:13:49.333 [Test worker] DEBUG io.mockk.impl.stub.CommonClearer - Clearing [TodoService(#1)] mocks ClearOptions(answers=true, recordedCalls=true, childMocks=true, verificationMarks=true, exclusionRules=true)
2020-10-27 00:13:49.335 [Test worker] TRACE i.m.i.recording.CommonCallRecorder - Starting stubbing
2020-10-27 00:13:49.335 [Test worker] TRACE i.m.i.i.AbstractMockFactory - Building proxy for List hashcode=6857bbca
2020-10-27 00:13:49.335 [Test worker] TRACE io.mockk.proxy.jvm.ProxyMaker - Building subclass proxy for interface java.util.List with additional interfaces []
2020-10-27 00:13:49.335 [Test worker] TRACE io.mockk.proxy.jvm.ProxyMaker - Instantiating proxy for interface java.util.List via instantiator
2020-10-27 00:13:49.336 [Test worker] TRACE i.m.proxy.jvm.ObjenesisInstantiator - Skipping instantiation subsclassing class io.mockk.renamed.java.util.List$Subclass1 because class is not abstract.
2020-10-27 00:13:49.336 [Test worker] TRACE i.m.proxy.jvm.ObjenesisInstantiator - Creating new empty instance of class io.mockk.renamed.java.util.List$Subclass1
2020-10-27 00:13:49.336 [Test worker] TRACE i.m.i.r.SignatureMatcherDetector - Matcher map: {}
2020-10-27 00:13:49.336 [Test worker] TRACE i.m.i.r.SignatureMatcherDetector - Processing call #0: getAll()
2020-10-27 00:13:49.336 [Test worker] TRACE i.m.i.r.SignatureMatcherDetector - Built matcher: TodoService(#1).getAll())
2020-10-27 00:13:49.337 [Test worker] TRACE i.m.impl.recording.PermanentMocker - Child search key: TodoService(#1).getAll())
2020-10-27 00:13:49.337 [Test worker] DEBUG i.m.i.i.AbstractMockFactory - Creating mockk for List name=child of #1#3
2020-10-27 00:13:49.339 [Test worker] TRACE i.m.i.i.AbstractMockFactory - Building proxy for List hashcode=6857bbca
2020-10-27 00:13:49.339 [Test worker] TRACE io.mockk.proxy.jvm.ProxyMaker - Building subclass proxy for interface java.util.List with additional interfaces []
2020-10-27 00:13:49.339 [Test worker] TRACE io.mockk.proxy.jvm.ProxyMaker - Instantiating proxy for interface java.util.List via instantiator
2020-10-27 00:13:49.339 [Test worker] TRACE i.m.proxy.jvm.ObjenesisInstantiator - Skipping instantiation subsclassing class io.mockk.renamed.java.util.List$Subclass1 because class is not abstract.
2020-10-27 00:13:49.339 [Test worker] TRACE i.m.proxy.jvm.ObjenesisInstantiator - Creating new empty instance of class io.mockk.renamed.java.util.List$Subclass1
2020-10-27 00:13:49.340 [Test worker] TRACE i.m.impl.recording.PermanentMocker - Mocked permanently: TodoService(#1).all
2020-10-27 00:13:49.340 [Test worker] TRACE i.m.i.r.s.StubbingAwaitingAnswerState - Done stubbing. Still accepting additional answers
2020-10-27 00:13:49.341 [DefaultDispatcher-worker-2 @request#5] DEBUG i.m.i.r.states.AnsweringState - Answering [TodoItem(id=8bc5f4a4-02ae-4174-b218-4f353f39c1f7, title=Add database processing, details=Add backend support to this code, assignedTo=Kevin, dueDate=2018-12-18, importance=HIGH), TodoItem(id=8bc5f4a4-02ae-4174-b218-4f353f39c1f7, title=Add database processing, details=Add backend support to this code, assignedTo=Kevin, dueDate=2018-12-18, importance=HIGH)] on TodoService(#1).getAll()
2020-10-27 00:13:49.346 [Test worker] DEBUG io.mockk.impl.stub.CommonClearer - Clearing [TodoService(#1)] mocks ClearOptions(answers=true, recordedCalls=true, childMocks=true, verificationMarks=true, exclusionRules=true)
2020-10-27 00:13:49.347 [Test worker] TRACE i.m.i.recording.CommonCallRecorder - Starting stubbing
2020-10-27 00:13:49.351 [Test worker] TRACE i.m.i.r.SignatureMatcherDetector - Matcher map: {[-1bbfc37948b5082c]=any()}
2020-10-27 00:13:49.351 [Test worker] TRACE i.m.i.r.SignatureMatcherDetector - Processing call #0: delete(String)
2020-10-27 00:13:49.352 [Test worker] TRACE i.m.i.r.SignatureMatcherDetector - Signature for 0 argument of delete(String): [-1bbfc37948b5082c]
2020-10-27 00:13:49.352 [Test worker] TRACE i.m.i.r.SignatureMatcherDetector - Built matcher: TodoService(#1).delete(any()))
2020-10-27 00:13:49.353 [Test worker] TRACE i.m.impl.recording.PermanentMocker - Mocked permanently: TodoService(#1).delete(any())
2020-10-27 00:13:49.354 [Test worker] TRACE i.m.i.r.s.StubbingAwaitingAnswerState - Done stubbing. Still accepting additional answers
2020-10-27 00:13:49.363 [DefaultDispatcher-worker-3 @request#9] DEBUG i.m.i.r.states.AnsweringState - Answering true on TodoService(#1).delete(1)
]]></system-out>
  <system-err><![CDATA[]]></system-err>
</testsuite>
