<?xml version="1.0" encoding="UTF-8"?>
<testsuite name="com.soumyajit.GetTodosSpec" tests="3" skipped="0" failures="0" errors="0" timestamp="2020-11-14T11:30:12" hostname="Soumyajit.Das" time="0.734">
  <properties/>
  <testcase name="Should be OK to get the list of Todos" classname="com.soumyajit.GetTodosSpec" time="0.694"/>
  <testcase name="should get the todos" classname="com.soumyajit.GetTodosSpec" time="0.019"/>
  <testcase name="should delete the todos" classname="com.soumyajit.GetTodosSpec" time="0.02"/>
  <system-out><![CDATA[2020-11-14 17:00:12.937 [Test worker] DEBUG io.mockk.impl.stub.CommonClearer - Clearing [TodoService(#1)] mocks ClearOptions(answers=true, recordedCalls=true, childMocks=true, verificationMarks=true, exclusionRules=true)
2020-11-14 17:00:12.940 [Test worker] TRACE i.m.i.recording.CommonCallRecorder - Starting stubbing
2020-11-14 17:00:12.994 [Test worker] TRACE i.m.i.i.AbstractMockFactory - Building proxy for List hashcode=64fc79ed
2020-11-14 17:00:12.994 [Test worker] TRACE i.m.p.j.t.JvmInlineInstrumentation - Retransforming [Ljava.lang.Class;@56ee0419
2020-11-14 17:00:13.101 [Test worker] TRACE io.mockk.proxy.jvm.ProxyMaker - Building subclass proxy for interface java.util.List with additional interfaces []
2020-11-14 17:00:13.166 [Test worker] TRACE io.mockk.proxy.jvm.ProxyMaker - Instantiating proxy for interface java.util.List via instantiator
2020-11-14 17:00:13.166 [Test worker] TRACE i.m.proxy.jvm.ObjenesisInstantiator - Skipping instantiation subsclassing class io.mockk.renamed.java.util.List$Subclass1 because class is not abstract.
2020-11-14 17:00:13.167 [Test worker] TRACE i.m.proxy.jvm.ObjenesisInstantiator - Creating new empty instance of class io.mockk.renamed.java.util.List$Subclass1
2020-11-14 17:00:13.177 [Test worker] TRACE i.m.i.r.SignatureMatcherDetector - Matcher map: {}
2020-11-14 17:00:13.179 [Test worker] TRACE i.m.i.r.SignatureMatcherDetector - Processing call #0: getAll()
2020-11-14 17:00:13.187 [Test worker] TRACE i.m.i.r.SignatureMatcherDetector - Built matcher: TodoService(#1).getAll())
2020-11-14 17:00:13.190 [Test worker] TRACE i.m.impl.recording.PermanentMocker - Child search key: TodoService(#1).getAll())
2020-11-14 17:00:13.192 [Test worker] DEBUG i.m.i.i.AbstractMockFactory - Creating mockk for List name=child of #1#2
2020-11-14 17:00:13.193 [Test worker] TRACE i.m.i.i.AbstractMockFactory - Building proxy for List hashcode=64fc79ed
2020-11-14 17:00:13.193 [Test worker] TRACE io.mockk.proxy.jvm.ProxyMaker - Building subclass proxy for interface java.util.List with additional interfaces []
2020-11-14 17:00:13.193 [Test worker] TRACE io.mockk.proxy.jvm.ProxyMaker - Instantiating proxy for interface java.util.List via instantiator
2020-11-14 17:00:13.193 [Test worker] TRACE i.m.proxy.jvm.ObjenesisInstantiator - Skipping instantiation subsclassing class io.mockk.renamed.java.util.List$Subclass1 because class is not abstract.
2020-11-14 17:00:13.193 [Test worker] TRACE i.m.proxy.jvm.ObjenesisInstantiator - Creating new empty instance of class io.mockk.renamed.java.util.List$Subclass1
2020-11-14 17:00:13.195 [Test worker] TRACE i.m.impl.recording.PermanentMocker - Mocked permanently: TodoService(#1).all
2020-11-14 17:00:13.198 [Test worker] TRACE i.m.i.r.s.StubbingAwaitingAnswerState - Done stubbing. Still accepting additional answers
2020-11-14 17:00:13.305 [DefaultDispatcher-worker-1 @request#1] DEBUG i.m.i.r.states.AnsweringState - Answering [TodoItem(id=ec528755-9901-4fc5-a932-6fc7526c4688, title=Add database processing, details=Add backend support to this code, assignedTo=Kevin, dueDate=2018-12-18, importance=HIGH), TodoItem(id=ec528755-9901-4fc5-a932-6fc7526c4688, title=Add database processing, details=Add backend support to this code, assignedTo=Kevin, dueDate=2018-12-18, importance=HIGH)] on TodoService(#1).getAll()
2020-11-14 17:00:13.417 [Test worker] DEBUG io.mockk.impl.stub.CommonClearer - Clearing [TodoService(#1)] mocks ClearOptions(answers=true, recordedCalls=true, childMocks=true, verificationMarks=true, exclusionRules=true)
2020-11-14 17:00:13.419 [Test worker] TRACE i.m.i.recording.CommonCallRecorder - Starting stubbing
2020-11-14 17:00:13.422 [Test worker] TRACE i.m.i.i.AbstractMockFactory - Building proxy for List hashcode=64fc79ed
2020-11-14 17:00:13.423 [Test worker] TRACE io.mockk.proxy.jvm.ProxyMaker - Building subclass proxy for interface java.util.List with additional interfaces []
2020-11-14 17:00:13.424 [Test worker] TRACE io.mockk.proxy.jvm.ProxyMaker - Instantiating proxy for interface java.util.List via instantiator
2020-11-14 17:00:13.424 [Test worker] TRACE i.m.proxy.jvm.ObjenesisInstantiator - Skipping instantiation subsclassing class io.mockk.renamed.java.util.List$Subclass1 because class is not abstract.
2020-11-14 17:00:13.425 [Test worker] TRACE i.m.proxy.jvm.ObjenesisInstantiator - Creating new empty instance of class io.mockk.renamed.java.util.List$Subclass1
2020-11-14 17:00:13.425 [Test worker] TRACE i.m.i.r.SignatureMatcherDetector - Matcher map: {}
2020-11-14 17:00:13.428 [Test worker] TRACE i.m.i.r.SignatureMatcherDetector - Processing call #0: getAll()
2020-11-14 17:00:13.428 [Test worker] TRACE i.m.i.r.SignatureMatcherDetector - Built matcher: TodoService(#1).getAll())
2020-11-14 17:00:13.429 [Test worker] TRACE i.m.impl.recording.PermanentMocker - Child search key: TodoService(#1).getAll())
2020-11-14 17:00:13.429 [Test worker] DEBUG i.m.i.i.AbstractMockFactory - Creating mockk for List name=child of #1#3
2020-11-14 17:00:13.429 [Test worker] TRACE i.m.i.i.AbstractMockFactory - Building proxy for List hashcode=64fc79ed
2020-11-14 17:00:13.429 [Test worker] TRACE io.mockk.proxy.jvm.ProxyMaker - Building subclass proxy for interface java.util.List with additional interfaces []
2020-11-14 17:00:13.429 [Test worker] TRACE io.mockk.proxy.jvm.ProxyMaker - Instantiating proxy for interface java.util.List via instantiator
2020-11-14 17:00:13.429 [Test worker] TRACE i.m.proxy.jvm.ObjenesisInstantiator - Skipping instantiation subsclassing class io.mockk.renamed.java.util.List$Subclass1 because class is not abstract.
2020-11-14 17:00:13.429 [Test worker] TRACE i.m.proxy.jvm.ObjenesisInstantiator - Creating new empty instance of class io.mockk.renamed.java.util.List$Subclass1
2020-11-14 17:00:13.430 [Test worker] TRACE i.m.impl.recording.PermanentMocker - Mocked permanently: TodoService(#1).all
2020-11-14 17:00:13.430 [Test worker] TRACE i.m.i.r.s.StubbingAwaitingAnswerState - Done stubbing. Still accepting additional answers
2020-11-14 17:00:13.431 [DefaultDispatcher-worker-2 @request#5] DEBUG i.m.i.r.states.AnsweringState - Answering [TodoItem(id=ec528755-9901-4fc5-a932-6fc7526c4688, title=Add database processing, details=Add backend support to this code, assignedTo=Kevin, dueDate=2018-12-18, importance=HIGH), TodoItem(id=ec528755-9901-4fc5-a932-6fc7526c4688, title=Add database processing, details=Add backend support to this code, assignedTo=Kevin, dueDate=2018-12-18, importance=HIGH)] on TodoService(#1).getAll()
2020-11-14 17:00:13.437 [Test worker] DEBUG io.mockk.impl.stub.CommonClearer - Clearing [TodoService(#1)] mocks ClearOptions(answers=true, recordedCalls=true, childMocks=true, verificationMarks=true, exclusionRules=true)
2020-11-14 17:00:13.439 [Test worker] TRACE i.m.i.recording.CommonCallRecorder - Starting stubbing
2020-11-14 17:00:13.443 [Test worker] TRACE i.m.i.r.SignatureMatcherDetector - Matcher map: {[-53c002101e19e3d5]=any()}
2020-11-14 17:00:13.444 [Test worker] TRACE i.m.i.r.SignatureMatcherDetector - Processing call #0: delete(String)
2020-11-14 17:00:13.446 [Test worker] TRACE i.m.i.r.SignatureMatcherDetector - Signature for 0 argument of delete(String): [-53c002101e19e3d5]
2020-11-14 17:00:13.447 [Test worker] TRACE i.m.i.r.SignatureMatcherDetector - Built matcher: TodoService(#1).delete(any()))
2020-11-14 17:00:13.449 [Test worker] TRACE i.m.impl.recording.PermanentMocker - Mocked permanently: TodoService(#1).delete(any())
2020-11-14 17:00:13.449 [Test worker] TRACE i.m.i.r.s.StubbingAwaitingAnswerState - Done stubbing. Still accepting additional answers
2020-11-14 17:00:13.455 [DefaultDispatcher-worker-3 @request#9] DEBUG i.m.i.r.states.AnsweringState - Answering true on TodoService(#1).delete(1)
]]></system-out>
  <system-err><![CDATA[]]></system-err>
</testsuite>
